# JRE version: OpenJDK Runtime Environment (21.0.10) (build 21.0.10+-14961533-b1163.108)
# Java VM: OpenJDK 64-Bit Server VM (21.0.10+-14961533-b1163.108, mixed mode, tiered, compressed oops, compressed class ptrs, g1 gc, windows-amd64)
GC Precious Log:
 CardTable entry size: 512
 Card Set container configuration: InlinePtr #cards 5 size 8 Array Of Cards #cards 12 size 40 Howl #buckets 4 coarsen threshold 1843 Howl Bitmap #cards 512 size 80 coarsen threshold 460 Card regions per heap region 1 cards per card region 2048
 CPUs: 8 total, 8 available
 Memory: 7998M
 Large Page Support: Disabled
 NUMA Support: Disabled
 Compressed Oops: Enabled (32-bit)
 Heap Region Size: 1M
 Heap Min Capacity: 8M
 Heap Initial Capacity: 126M
 Heap Max Capacity: 2G
 Pre-touch: Disabled
 Parallel Workers: 8
 Concurrent Workers: 2
 Concurrent Refinement Workers: 8
 Periodic GC: Disabled
Heap:
 garbage-first heap   total 171008K, used 93579K [0x0000000080000000, 0x0000000100000000)
  region size 1024K, 12 young (12288K), 3 survivors (3072K)
 Metaspace       used 97928K, committed 100096K, reserved 1179648K
  class space    used 13832K, committed 14848K, reserved 1048576K
GC Heap History (20 events):
Event: 42.892 GC heap before
{Heap before GC invocations=33 (full 0):
 garbage-first heap   total 116736K, used 99572K [0x0000000080000000, 0x0000000100000000)
  region size 1024K, 32 young (32768K), 2 survivors (2048K)
 Metaspace       used 80052K, committed 82048K, reserved 1179648K
  class space    used 11316K, committed 12288K, reserved 1048576K
}
Event: 42.897 GC heap after
{Heap after GC invocations=34 (full 0):
 garbage-first heap   total 116736K, used 69958K [0x0000000080000000, 0x0000000100000000)
  region size 1024K, 3 young (3072K), 3 survivors (3072K)
 Metaspace       used 80052K, committed 82048K, reserved 1179648K
  class space    used 11316K, committed 12288K, reserved 1048576K
}
Event: 42.925 GC heap before
{Heap before GC invocations=34 (full 0):
 garbage-first heap   total 116736K, used 69958K [0x0000000080000000, 0x0000000100000000)
  region size 1024K, 4 young (4096K), 3 survivors (3072K)
 Metaspace       used 80099K, committed 82176K, reserved 1179648K
  class space    used 11324K, committed 12352K, reserved 1048576K
}
Event: 42.930 GC heap after
{Heap after GC invocations=35 (full 0):
 garbage-first heap   total 116736K, used 69935K [0x0000000080000000, 0x0000000100000000)
  region size 1024K, 3 young (3072K), 3 survivors (3072K)
 Metaspace       used 80099K, committed 82176K, reserved 1179648K
  class space    used 11324K, committed 12352K, reserved 1048576K
}
Event: 44.462 GC heap before
{Heap before GC invocations=36 (full 0):
 garbage-first heap   total 121856K, used 105775K [0x0000000080000000, 0x0000000100000000)
  region size 1024K, 36 young (36864K), 3 survivors (3072K)
 Metaspace       used 83758K, committed 85824K, reserved 1179648K
  class space    used 11818K, committed 12800K, reserved 1048576K
}
Event: 44.469 GC heap after
{Heap after GC invocations=37 (full 0):
 garbage-first heap   total 121856K, used 73479K [0x0000000080000000, 0x0000000100000000)
  region size 1024K, 5 young (5120K), 5 survivors (5120K)
 Metaspace       used 83758K, committed 85824K, reserved 1179648K
  class space    used 11818K, committed 12800K, reserved 1048576K
}
Event: 45.419 GC heap before
{Heap before GC invocations=37 (full 0):
 garbage-first heap   total 121856K, used 110343K [0x0000000080000000, 0x0000000100000000)
  region size 1024K, 40 young (40960K), 5 survivors (5120K)
 Metaspace       used 86860K, committed 88960K, reserved 1179648K
  class space    used 12234K, committed 13248K, reserved 1048576K
}
Event: 45.426 GC heap after
{Heap after GC invocations=38 (full 0):
 garbage-first heap   total 121856K, used 76151K [0x0000000080000000, 0x0000000100000000)
  region size 1024K, 5 young (5120K), 5 survivors (5120K)
 Metaspace       used 86860K, committed 88960K, reserved 1179648K
  class space    used 12234K, committed 13248K, reserved 1048576K
}
Event: 45.448 GC heap before
{Heap before GC invocations=38 (full 0):
 garbage-first heap   total 121856K, used 79223K [0x0000000080000000, 0x0000000100000000)
  region size 1024K, 10 young (10240K), 5 survivors (5120K)
 Metaspace       used 86860K, committed 88960K, reserved 1179648K
  class space    used 12234K, committed 13248K, reserved 1048576K
}
Event: 45.455 GC heap after
{Heap after GC invocations=39 (full 0):
 garbage-first heap   total 121856K, used 79050K [0x0000000080000000, 0x0000000100000000)
  region size 1024K, 5 young (5120K), 5 survivors (5120K)
 Metaspace       used 86860K, committed 88960K, reserved 1179648K
  class space    used 12234K, committed 13248K, reserved 1048576K
}
Event: 46.299 GC heap before
{Heap before GC invocations=40 (full 0):
 garbage-first heap   total 138240K, used 106698K [0x0000000080000000, 0x0000000100000000)
  region size 1024K, 28 young (28672K), 5 survivors (5120K)
 Metaspace       used 87842K, committed 89920K, reserved 1179648K
  class space    used 12385K, committed 13376K, reserved 1048576K
}
Event: 46.306 GC heap after
{Heap after GC invocations=41 (full 0):
 garbage-first heap   total 138240K, used 79783K [0x0000000080000000, 0x0000000100000000)
  region size 1024K, 2 young (2048K), 2 survivors (2048K)
 Metaspace       used 87842K, committed 89920K, reserved 1179648K
  class space    used 12385K, committed 13376K, reserved 1048576K
}
Event: 47.255 GC heap before
{Heap before GC invocations=41 (full 0):
 garbage-first heap   total 138240K, used 114599K [0x0000000080000000, 0x0000000100000000)
  region size 1024K, 36 young (36864K), 2 survivors (2048K)
 Metaspace       used 90292K, committed 92352K, reserved 1179648K
  class space    used 12688K, committed 13696K, reserved 1048576K
}
Event: 47.261 GC heap after
{Heap after GC invocations=42 (full 0):
 garbage-first heap   total 138240K, used 80887K [0x0000000080000000, 0x0000000100000000)
  region size 1024K, 4 young (4096K), 4 survivors (4096K)
 Metaspace       used 90292K, committed 92352K, reserved 1179648K
  class space    used 12688K, committed 13696K, reserved 1048576K
}
Event: 48.321 GC heap before
{Heap before GC invocations=42 (full 0):
 garbage-first heap   total 138240K, used 116727K [0x0000000080000000, 0x0000000100000000)
  region size 1024K, 39 young (39936K), 4 survivors (4096K)
 Metaspace       used 92114K, committed 94272K, reserved 1179648K
  class space    used 12924K, committed 13952K, reserved 1048576K
}
Event: 48.330 GC heap after
{Heap after GC invocations=43 (full 0):
 garbage-first heap   total 138240K, used 83897K [0x0000000080000000, 0x0000000100000000)
  region size 1024K, 5 young (5120K), 5 survivors (5120K)
 Metaspace       used 92114K, committed 94272K, reserved 1179648K
  class space    used 12924K, committed 13952K, reserved 1048576K
}
Event: 49.350 GC heap before
{Heap before GC invocations=44 (full 0):
 garbage-first heap   total 142336K, used 119737K [0x0000000080000000, 0x0000000100000000)
  region size 1024K, 40 young (40960K), 5 survivors (5120K)
 Metaspace       used 94582K, committed 96704K, reserved 1179648K
  class space    used 13277K, committed 14272K, reserved 1048576K
}
Event: 49.359 GC heap after
{Heap after GC invocations=45 (full 0):
 garbage-first heap   total 142336K, used 85454K [0x0000000080000000, 0x0000000100000000)
  region size 1024K, 2 young (2048K), 2 survivors (2048K)
 Metaspace       used 94582K, committed 96704K, reserved 1179648K
  class space    used 13277K, committed 14272K, reserved 1048576K
}
Event: 50.430 GC heap before
{Heap before GC invocations=45 (full 0):
 garbage-first heap   total 142336K, used 125390K [0x0000000080000000, 0x0000000100000000)
  region size 1024K, 41 young (41984K), 2 survivors (2048K)
 Metaspace       used 97365K, committed 99520K, reserved 1179648K
  class space    used 13743K, committed 14784K, reserved 1048576K
}
Event: 50.440 GC heap after
{Heap after GC invocations=46 (full 0):
 garbage-first heap   total 171008K, used 85387K [0x0000000080000000, 0x0000000100000000)
  region size 1024K, 3 young (3072K), 3 survivors (3072K)
 Metaspace       used 97365K, committed 99520K, reserved 1179648K
  class space    used 13743K, committed 14784K, reserved 1048576K
}

