# JRE version: OpenJDK Runtime Environment (21.0.10) (build 21.0.10+-14961533-b1163.108)
# Java VM: OpenJDK 64-Bit Server VM (21.0.10+-14961533-b1163.108, mixed mode, tiered, compressed oops, compressed class ptrs, g1 gc, windows-amd64)
GC Precious Log:
 CardTable entry size: 512
 Card Set container configuration: InlinePtr #cards 5 size 8 Array Of Cards #cards 12 size 40 Howl #buckets 4 coarsen threshold 1843 Howl Bitmap #cards 512 size 80 coarsen threshold 460 Card regions per heap region 1 cards per card region 2048
 CPUs: 8 total, 8 available
 Memory: 7998M
 Large Page Support: Disabled
 NUMA Support: Disabled
 Compressed Oops: Enabled (32-bit)
 Heap Region Size: 1M
 Heap Min Capacity: 8M
 Heap Initial Capacity: 126M
 Heap Max Capacity: 2G
 Pre-touch: Disabled
 Parallel Workers: 8
 Concurrent Workers: 2
 Concurrent Refinement Workers: 8
 Periodic GC: Disabled
Heap:
 garbage-first heap   total 179200K, used 112313K [0x0000000080000000, 0x0000000100000000)
  region size 1024K, 9 young (9216K), 6 survivors (6144K)
 Metaspace       used 105089K, committed 107328K, reserved 1179648K
  class space    used 15001K, committed 16128K, reserved 1048576K
GC Heap History (20 events):
Event: 56.604 GC heap before
{Heap before GC invocations=30 (full 0):
 garbage-first heap   total 140288K, used 127339K [0x0000000080000000, 0x0000000100000000)
  region size 1024K, 40 young (40960K), 6 survivors (6144K)
 Metaspace       used 79029K, committed 80960K, reserved 1179648K
  class space    used 11124K, committed 12032K, reserved 1048576K
}
Event: 56.609 GC heap after
{Heap after GC invocations=31 (full 0):
 garbage-first heap   total 140288K, used 94298K [0x0000000080000000, 0x0000000100000000)
  region size 1024K, 1 young (1024K), 1 survivors (1024K)
 Metaspace       used 79029K, committed 80960K, reserved 1179648K
  class space    used 11124K, committed 12032K, reserved 1048576K
}
Event: 58.078 GC heap before
{Heap before GC invocations=32 (full 0):
 garbage-first heap   total 158720K, used 131162K [0x0000000080000000, 0x0000000100000000)
  region size 1024K, 35 young (35840K), 1 survivors (1024K)
 Metaspace       used 82294K, committed 84288K, reserved 1179648K
  class space    used 11634K, committed 12608K, reserved 1048576K
}
Event: 58.083 GC heap after
{Heap after GC invocations=33 (full 0):
 garbage-first heap   total 158720K, used 97549K [0x0000000080000000, 0x0000000100000000)
  region size 1024K, 3 young (3072K), 3 survivors (3072K)
 Metaspace       used 82294K, committed 84288K, reserved 1179648K
  class space    used 11634K, committed 12608K, reserved 1048576K
}
Event: 59.579 GC heap before
{Heap before GC invocations=33 (full 0):
 garbage-first heap   total 158720K, used 145677K [0x0000000080000000, 0x0000000100000000)
  region size 1024K, 50 young (51200K), 3 survivors (3072K)
 Metaspace       used 86379K, committed 88384K, reserved 1179648K
  class space    used 12181K, committed 13184K, reserved 1048576K
}
Event: 59.586 GC heap after
{Heap after GC invocations=34 (full 0):
 garbage-first heap   total 158720K, used 98547K [0x0000000080000000, 0x0000000100000000)
  region size 1024K, 5 young (5120K), 5 survivors (5120K)
 Metaspace       used 86379K, committed 88384K, reserved 1179648K
  class space    used 12181K, committed 13184K, reserved 1048576K
}
Event: 59.767 GC heap before
{Heap before GC invocations=34 (full 0):
 garbage-first heap   total 158720K, used 99571K [0x0000000080000000, 0x0000000100000000)
  region size 1024K, 7 young (7168K), 5 survivors (5120K)
 Metaspace       used 86637K, committed 88640K, reserved 1179648K
  class space    used 12214K, committed 13184K, reserved 1048576K
}
Event: 59.775 GC heap after
{Heap after GC invocations=35 (full 0):
 garbage-first heap   total 158720K, used 98810K [0x0000000080000000, 0x0000000100000000)
  region size 1024K, 4 young (4096K), 4 survivors (4096K)
 Metaspace       used 86637K, committed 88640K, reserved 1179648K
  class space    used 12214K, committed 13184K, reserved 1048576K
}
Event: 61.025 GC heap before
{Heap before GC invocations=36 (full 0):
 garbage-first heap   total 168960K, used 143866K [0x0000000080000000, 0x0000000100000000)
  region size 1024K, 43 young (44032K), 4 survivors (4096K)
 Metaspace       used 88447K, committed 90496K, reserved 1179648K
  class space    used 12461K, committed 13440K, reserved 1048576K
}
Event: 61.031 GC heap after
{Heap after GC invocations=37 (full 0):
 garbage-first heap   total 168960K, used 102805K [0x0000000080000000, 0x0000000100000000)
  region size 1024K, 6 young (6144K), 6 survivors (6144K)
 Metaspace       used 88447K, committed 90496K, reserved 1179648K
  class space    used 12461K, committed 13440K, reserved 1048576K
}
Event: 62.440 GC heap before
{Heap before GC invocations=37 (full 0):
 garbage-first heap   total 168960K, used 145813K [0x0000000080000000, 0x0000000100000000)
  region size 1024K, 49 young (50176K), 6 survivors (6144K)
 Metaspace       used 91315K, committed 93376K, reserved 1179648K
  class space    used 12823K, committed 13824K, reserved 1048576K
}
Event: 62.449 GC heap after
{Heap after GC invocations=38 (full 0):
 garbage-first heap   total 168960K, used 103774K [0x0000000080000000, 0x0000000100000000)
  region size 1024K, 3 young (3072K), 3 survivors (3072K)
 Metaspace       used 91315K, committed 93376K, reserved 1179648K
  class space    used 12823K, committed 13824K, reserved 1048576K
}
Event: 63.636 GC heap before
{Heap before GC invocations=38 (full 0):
 garbage-first heap   total 168960K, used 148830K [0x0000000080000000, 0x0000000100000000)
  region size 1024K, 47 young (48128K), 3 survivors (3072K)
 Metaspace       used 93649K, committed 95744K, reserved 1179648K
  class space    used 13136K, committed 14144K, reserved 1048576K
}
Event: 63.644 GC heap after
{Heap after GC invocations=39 (full 0):
 garbage-first heap   total 168960K, used 107325K [0x0000000080000000, 0x0000000100000000)
  region size 1024K, 6 young (6144K), 6 survivors (6144K)
 Metaspace       used 93649K, committed 95744K, reserved 1179648K
  class space    used 13136K, committed 14144K, reserved 1048576K
}
Event: 65.016 GC heap before
{Heap before GC invocations=40 (full 0):
 garbage-first heap   total 179200K, used 152381K [0x0000000080000000, 0x0000000100000000)
  region size 1024K, 50 young (51200K), 6 survivors (6144K)
 Metaspace       used 96542K, committed 98624K, reserved 1179648K
  class space    used 13637K, committed 14656K, reserved 1048576K
}
Event: 65.024 GC heap after
{Heap after GC invocations=41 (full 0):
 garbage-first heap   total 179200K, used 108332K [0x0000000080000000, 0x0000000100000000)
  region size 1024K, 5 young (5120K), 5 survivors (5120K)
 Metaspace       used 96542K, committed 98624K, reserved 1179648K
  class space    used 13637K, committed 14656K, reserved 1048576K
}
Event: 66.631 GC heap before
{Heap before GC invocations=41 (full 0):
 garbage-first heap   total 179200K, used 161580K [0x0000000080000000, 0x0000000100000000)
  region size 1024K, 57 young (58368K), 5 survivors (5120K)
 Metaspace       used 99965K, committed 102144K, reserved 1179648K
  class space    used 14240K, committed 15296K, reserved 1048576K
}
Event: 66.639 GC heap after
{Heap after GC invocations=42 (full 0):
 garbage-first heap   total 179200K, used 107492K [0x0000000080000000, 0x0000000100000000)
  region size 1024K, 4 young (4096K), 4 survivors (4096K)
 Metaspace       used 99965K, committed 102144K, reserved 1179648K
  class space    used 14240K, committed 15296K, reserved 1048576K
}
Event: 68.253 GC heap before
{Heap before GC invocations=42 (full 0):
 garbage-first heap   total 179200K, used 163812K [0x0000000080000000, 0x0000000100000000)
  region size 1024K, 59 young (60416K), 4 survivors (4096K)
 Metaspace       used 104951K, committed 107200K, reserved 1179648K
  class space    used 14972K, committed 16064K, reserved 1048576K
}
Event: 68.260 GC heap after
{Heap after GC invocations=43 (full 0):
 garbage-first heap   total 179200K, used 110265K [0x0000000080000000, 0x0000000100000000)
  region size 1024K, 6 young (6144K), 6 survivors (6144K)
 Metaspace       used 104951K, committed 107200K, reserved 1179648K
  class space    used 14972K, committed 16064K, reserved 1048576K
}

